{"timestamp": "2026-03-04T13:30:57.996017", "platform": "facebook", "action": "POST", "status": "SUCCESS"}
{"timestamp": "2026-03-04T13:31:01.489404", "platform": "twitter", "action": "POST", "status": "SUCCESS"}
{"timestamp": "2026-03-04T14:01:47.316476", "platform": "facebook", "action": "POST", "status": "FAILED"}
{"timestamp": "2026-03-04T14:01:49.967036", "platform": "twitter", "action": "POST", "status": "FAILED"}
{"timestamp": "2026-03-04T17:47:55.793907", "platform": "facebook", "action": "POST", "status": "FAILED"}
{"timestamp": "2026-03-04T17:47:57.517497", "platform": "twitter", "action": "POST", "status": "FAILED"}
{"timestamp": "2026-03-04T18:06:08.301940", "platform": "facebook", "action": "POST", "status": "FAILED"}
{"timestamp": "2026-03-04T18:06:09.429838", "platform": "twitter", "action": "POST", "status": "FAILED"}
{"timestamp": "2026-03-04T23:08:06.445402", "platform": "facebook", "action": "POST", "status": "FAILED"}
{"timestamp": "2026-03-04T23:08:07.880525", "platform": "twitter", "action": "POST", "status": "FAILED"}
{"timestamp": "2026-03-04T23:11:48.464016", "platform": "facebook", "action": "POST", "status": "FAILED"}
{"timestamp": "2026-03-05T17:56:10.330753", "platform": "facebook", "action": "POST", "status": "SUCCESS"}
{"timestamp": "2026-03-05T20:39:25.820208", "platform": "facebook", "action": "POST", "status": "FAILED"}
{"timestamp": "2026-03-05T20:47:08.936247", "platform": "twitter", "action": "POST", "status": "FAILED"}
{"timestamp": "2026-03-06T12:58:14.871739", "platform": "twitter", "action": "POST", "status": "FAILED"}
{"timestamp": "2026-03-06T15:29:30.276443", "platform": "twitter", "action": "POST", "status": "FAILED"}
{"timestamp": "2026-03-06T16:05:05.978926", "platform": "twitter", "action": "POST", "status": "FAILED"}
{"timestamp": "2026-03-07T13:02:13.214481", "platform": "twitter", "action": "POST", "status": "FAILED"}
{"timestamp": "2026-03-07T15:42:39.362273", "platform": "twitter", "action": "POST", "status": "FAILED"}
{"timestamp": "2026-03-07T20:51:03.255751", "platform": "twitter", "action": "POST", "status": "FAILED"}
{"timestamp": "2026-03-07T23:33:46.209589", "platform": "twitter", "action": "POST", "status": "FAILED"}
{"timestamp": "2026-03-08T15:35:47.084048", "platform": "twitter", "action": "POST", "status": "FAILED"}
{"timestamp": "2026-03-08T17:00:55.757102", "platform": "twitter", "action": "POST", "status": "FAILED"}
{"timestamp": "2026-03-08T22:07:43.648022", "platform": "twitter", "action": "POST", "status": "FAILED"}
{"timestamp": "2026-03-09T12:28:01.001715", "platform": "twitter", "action": "POST", "status": "FAILED"}
{"timestamp": "2026-03-09T13:55:01.257407", "platform": "twitter", "action": "POST", "status": "FAILED"}
{"timestamp": "2026-03-11T15:44:34.141917", "platform": "twitter", "action": "POST", "status": "FAILED"}
{"timestamp": "2026-03-11T15:48:18.574373", "platform": "twitter", "action": "POST", "status": "FAILED"}
{"timestamp": "2026-03-11T17:23:39.712728", "platform": "twitter", "action": "POST", "status": "FAILED"}
{"timestamp": "2026-03-11T18:16:09.640180", "platform": "twitter", "action": "POST", "status": "FAILED"}
{"timestamp": "2026-03-11T18:27:27.984286", "platform": "twitter", "action": "POST", "status": "SUCCESS"}
{"timestamp": "2026-03-13T22:31:15.733559", "platform": "facebook", "action": "POST", "status": "FAILED"}
{"timestamp": "2026-03-13T22:32:47.709728", "platform": "twitter", "action": "POST", "status": "SUCCESS"}
{"timestamp": "2026-03-17T15:42:27.874983", "platform": "facebook", "action": "POST", "status": "SUCCESS"}
{"timestamp": "2026-03-17T15:42:33.063462", "platform": "facebook", "action": "POST", "status": "SUCCESS"}
{"timestamp": "2026-04-04T17:51:45.349574", "platform": "facebook", "action": "POST", "status": "SUCCESS"}
{"timestamp": "2026-04-04T17:52:04.699600", "platform": "instagram", "action": "POST", "status": "SUCCESS"}
{"timestamp": "2026-04-05T14:37:27.204798", "platform": "twitter", "action": "POST", "status": "FAILED"}
{"timestamp": "2026-04-05T14:42:54.152014", "platform": "twitter", "action": "POST", "status": "SUCCESS"}
{"timestamp": "2026-04-05T17:43:46.071565", "platform": "facebook", "action": "POST", "status": "SUCCESS"}
